<?xml version="1.0" encoding="UTF-8"?>
<coverage generated="1677148261938" clover="3.2.0">
  <project timestamp="1677148261939" name="All files">
    <metrics statements="53" coveredstatements="37" conditionals="6" coveredconditionals="2" methods="21" coveredmethods="10" elements="80" coveredelements="49" complexity="0" loc="53" ncloc="53" packages="4" files="11" classes="11"/>
    <package name="components">
      <metrics statements="24" coveredstatements="17" conditionals="4" coveredconditionals="2" methods="11" coveredmethods="6"/>
      <file name="Body.js" path="C:\Users\sudharm\Desktop\namaste react\src\components\Body.js">
        <metrics statements="10" coveredstatements="7" conditionals="4" coveredconditionals="2" methods="3" coveredmethods="1"/>
        <line num="10" count="1" type="stmt"/>
        <line num="11" count="3" type="stmt"/>
        <line num="12" count="3" type="stmt"/>
        <line num="14" count="3" type="stmt"/>
        <line num="16" count="3" type="stmt"/>
        <line num="18" count="3" type="cond" truecount="1" falsecount="1"/>
        <line num="19" count="0" type="stmt"/>
        <line num="21" count="3" type="stmt"/>
        <line num="37" count="0" type="stmt"/>
        <line num="40" count="0" type="stmt"/>
      </file>
      <file name="Header.js" path="C:\Users\sudharm\Desktop\namaste react\src\components\Header.js">
        <metrics statements="3" coveredstatements="3" conditionals="0" coveredconditionals="0" methods="2" coveredmethods="2"/>
        <line num="6" count="1" type="stmt"/>
        <line num="7" count="2" type="stmt"/>
        <line num="8" count="2" type="stmt"/>
      </file>
      <file name="Restaurantlist.js" path="C:\Users\sudharm\Desktop\namaste react\src\components\Restaurantlist.js">
        <metrics statements="6" coveredstatements="2" conditionals="0" coveredconditionals="0" methods="3" coveredmethods="0"/>
        <line num="6" count="1" type="stmt"/>
        <line num="12" count="0" type="stmt"/>
        <line num="13" count="0" type="stmt"/>
        <line num="28" count="1" type="stmt"/>
        <line num="29" count="0" type="stmt"/>
        <line num="35" count="0" type="stmt"/>
      </file>
      <file name="Shimmer.js" path="C:\Users\sudharm\Desktop\namaste react\src\components\Shimmer.js">
        <metrics statements="3" coveredstatements="3" conditionals="0" coveredconditionals="0" methods="2" coveredmethods="2"/>
        <line num="1" count="1" type="stmt"/>
        <line num="2" count="3" type="stmt"/>
        <line num="10" count="60" type="stmt"/>
      </file>
      <file name="sum.js" path="C:\Users\sudharm\Desktop\namaste react\src\components\sum.js">
        <metrics statements="2" coveredstatements="2" conditionals="0" coveredconditionals="0" methods="1" coveredmethods="1"/>
        <line num="1" count="1" type="stmt"/>
        <line num="2" count="1" type="stmt"/>
      </file>
    </package>
    <package name="mocks">
      <metrics statements="1" coveredstatements="1" conditionals="0" coveredconditionals="0" methods="0" coveredmethods="0"/>
      <file name="dummyLogo.js" path="C:\Users\sudharm\Desktop\namaste react\src\mocks\dummyLogo.js">
        <metrics statements="0" coveredstatements="0" conditionals="0" coveredconditionals="0" methods="0" coveredmethods="0"/>
      </file>
      <file name="mockData.js" path="C:\Users\sudharm\Desktop\namaste react\src\mocks\mockData.js">
        <metrics statements="1" coveredstatements="1" conditionals="0" coveredconditionals="0" methods="0" coveredmethods="0"/>
        <line num="1" count="1" type="stmt"/>
      </file>
    </package>
    <package name="store">
      <metrics statements="5" coveredstatements="3" conditionals="0" coveredconditionals="0" methods="2" coveredmethods="0"/>
      <file name="CartSlice.js" path="C:\Users\sudharm\Desktop\namaste react\src\store\CartSlice.js">
        <metrics statements="4" coveredstatements="2" conditionals="0" coveredconditionals="0" methods="2" coveredmethods="0"/>
        <line num="3" count="2" type="stmt"/>
        <line num="10" count="0" type="stmt"/>
        <line num="13" count="0" type="stmt"/>
        <line num="18" count="2" type="stmt"/>
      </file>
      <file name="store.js" path="C:\Users\sudharm\Desktop\namaste react\src\store\store.js">
        <metrics statements="1" coveredstatements="1" conditionals="0" coveredconditionals="0" methods="0" coveredmethods="0"/>
        <line num="4" count="2" type="stmt"/>
      </file>
    </package>
    <package name="utils">
      <metrics statements="23" coveredstatements="16" conditionals="2" coveredconditionals="0" methods="8" coveredmethods="4"/>
      <file name="useInput.js" path="C:\Users\sudharm\Desktop\namaste react\src\utils\useInput.js">
        <metrics statements="6" coveredstatements="5" conditionals="0" coveredconditionals="0" methods="2" coveredmethods="1"/>
        <line num="3" count="1" type="stmt"/>
        <line num="4" count="3" type="stmt"/>
        <line num="5" count="3" type="stmt"/>
        <line num="6" count="3" type="stmt"/>
        <line num="7" count="0" type="stmt"/>
        <line num="20" count="3" type="stmt"/>
      </file>
      <file name="useRestaurantList.js" path="C:\Users\sudharm\Desktop\namaste react\src\utils\useRestaurantList.js">
        <metrics statements="17" coveredstatements="11" conditionals="2" coveredconditionals="0" methods="6" coveredmethods="3"/>
        <line num="3" count="1" type="stmt"/>
        <line num="4" count="3" type="stmt"/>
        <line num="5" count="3" type="stmt"/>
        <line num="6" count="3" type="stmt"/>
        <line num="10" count="0" type="cond" truecount="0" falsecount="2"/>
        <line num="11" count="0" type="stmt"/>
        <line num="13" count="0" type="stmt"/>
        <line num="14" count="0" type="stmt"/>
        <line num="17" count="0" type="stmt"/>
        <line num="18" count="0" type="stmt"/>
        <line num="24" count="3" type="stmt"/>
        <line num="27" count="3" type="stmt"/>
        <line num="28" count="3" type="stmt"/>
        <line num="29" count="3" type="stmt"/>
        <line num="32" count="3" type="stmt"/>
        <line num="33" count="3" type="stmt"/>
        <line num="35" count="3" type="stmt"/>
      </file>
    </package>
  </project>
</coverage>
