{"C:\\Users\\sudharm\\Desktop\\namaste react\\src\\components\\Body.js": {"path":"C:\\Users\\sudharm\\Desktop\\namaste react\\src\\components\\Body.js","statementMap":{"0":{"start":{"line":10,"column":13},"end":{"line":54,"column":1}},"1":{"start":{"line":11,"column":28},"end":{"line":11,"column":51}},"2":{"start":{"line":12,"column":19},"end":{"line":12,"column":30}},"3":{"start":{"line":14,"column":39},"end":{"line":14,"column":61}},"4":{"start":{"line":16,"column":49},"end":{"line":16,"column":68}},"5":{"start":{"line":18,"column":2},"end":{"line":20,"column":3}},"6":{"start":{"line":19,"column":4},"end":{"line":19,"column":56}},"7":{"start":{"line":21,"column":2},"end":{"line":53,"column":4}},"8":{"start":{"line":37,"column":12},"end":{"line":37,"column":35}},"9":{"start":{"line":40,"column":12},"end":{"line":40,"column":35}}},"fnMap":{"0":{"name":"(anonymous_0)","decl":{"start":{"line":10,"column":13},"end":{"line":10,"column":14}},"loc":{"start":{"line":10,"column":19},"end":{"line":54,"column":1}},"line":10},"1":{"name":"(anonymous_1)","decl":{"start":{"line":36,"column":19},"end":{"line":36,"column":20}},"loc":{"start":{"line":36,"column":25},"end":{"line":38,"column":11}},"line":36},"2":{"name":"(anonymous_2)","decl":{"start":{"line":39,"column":18},"end":{"line":39,"column":19}},"loc":{"start":{"line":39,"column":24},"end":{"line":41,"column":11}},"line":39}},"branchMap":{"0":{"loc":{"start":{"line":18,"column":2},"end":{"line":20,"column":3}},"type":"if","locations":[{"start":{"line":18,"column":2},"end":{"line":20,"column":3}},{"start":{},"end":{}}],"line":18},"1":{"loc":{"start":{"line":47,"column":7},"end":{"line":51,"column":7}},"type":"cond-expr","locations":[{"start":{"line":48,"column":8},"end":{"line":48,"column":19}},{"start":{"line":50,"column":8},"end":{"line":50,"column":48}}],"line":47}},"s":{"0":1,"1":3,"2":3,"3":3,"4":3,"5":3,"6":0,"7":3,"8":0,"9":0},"f":{"0":3,"1":0,"2":0},"b":{"0":[0,3],"1":[3,0]},"_coverageSchema":"1a1c01bbd47fc00a2c39e90264f33305004495a9","hash":"0bc3afe93f292b5eb984b54fc7afb048e99f25b0"}
,"C:\\Users\\sudharm\\Desktop\\namaste react\\src\\components\\Header.js": {"path":"C:\\Users\\sudharm\\Desktop\\namaste react\\src\\components\\Header.js","statementMap":{"0":{"start":{"line":6,"column":15},"end":{"line":39,"column":1}},"1":{"start":{"line":7,"column":16},"end":{"line":7,"column":56}},"2":{"start":{"line":7,"column":39},"end":{"line":7,"column":55}},"3":{"start":{"line":8,"column":2},"end":{"line":38,"column":4}}},"fnMap":{"0":{"name":"(anonymous_0)","decl":{"start":{"line":6,"column":15},"end":{"line":6,"column":16}},"loc":{"start":{"line":6,"column":21},"end":{"line":39,"column":1}},"line":6},"1":{"name":"(anonymous_1)","decl":{"start":{"line":7,"column":28},"end":{"line":7,"column":29}},"loc":{"start":{"line":7,"column":39},"end":{"line":7,"column":55}},"line":7}},"branchMap":{},"s":{"0":1,"1":2,"2":2,"3":2},"f":{"0":2,"1":2},"b":{},"_coverageSchema":"1a1c01bbd47fc00a2c39e90264f33305004495a9","hash":"00e02d82f6e93b47c831a6df5a94ac967a70935c"}
,"C:\\Users\\sudharm\\Desktop\\namaste react\\src\\components\\Restaurantlist.js": {"path":"C:\\Users\\sudharm\\Desktop\\namaste react\\src\\components\\Restaurantlist.js","statementMap":{"0":{"start":{"line":6,"column":23},"end":{"line":26,"column":1}},"1":{"start":{"line":12,"column":19},"end":{"line":12,"column":42}},"2":{"start":{"line":13,"column":2},"end":{"line":25,"column":4}},"3":{"start":{"line":28,"column":23},"end":{"line":47,"column":1}},"4":{"start":{"line":29,"column":2},"end":{"line":46,"column":4}},"5":{"start":{"line":35,"column":8},"end":{"line":43,"column":10}}},"fnMap":{"0":{"name":"(anonymous_0)","decl":{"start":{"line":6,"column":23},"end":{"line":6,"column":24}},"loc":{"start":{"line":11,"column":6},"end":{"line":26,"column":1}},"line":11},"1":{"name":"(anonymous_1)","decl":{"start":{"line":28,"column":23},"end":{"line":28,"column":24}},"loc":{"start":{"line":28,"column":34},"end":{"line":47,"column":1}},"line":28},"2":{"name":"(anonymous_2)","decl":{"start":{"line":34,"column":23},"end":{"line":34,"column":24}},"loc":{"start":{"line":34,"column":39},"end":{"line":44,"column":7}},"line":34}},"branchMap":{},"s":{"0":1,"1":0,"2":0,"3":1,"4":0,"5":0},"f":{"0":0,"1":0,"2":0},"b":{},"_coverageSchema":"1a1c01bbd47fc00a2c39e90264f33305004495a9","hash":"85abd193d729c743bf569fada85de3a652feadf4"}
,"C:\\Users\\sudharm\\Desktop\\namaste react\\src\\components\\Shimmer.js": {"path":"C:\\Users\\sudharm\\Desktop\\namaste react\\src\\components\\Shimmer.js","statementMap":{"0":{"start":{"line":1,"column":16},"end":{"line":22,"column":1}},"1":{"start":{"line":2,"column":2},"end":{"line":21,"column":4}},"2":{"start":{"line":10,"column":10},"end":{"line":18,"column":12}}},"fnMap":{"0":{"name":"(anonymous_0)","decl":{"start":{"line":1,"column":16},"end":{"line":1,"column":17}},"loc":{"start":{"line":1,"column":22},"end":{"line":22,"column":1}},"line":1},"1":{"name":"(anonymous_1)","decl":{"start":{"line":9,"column":13},"end":{"line":9,"column":14}},"loc":{"start":{"line":9,"column":27},"end":{"line":19,"column":9}},"line":9}},"branchMap":{},"s":{"0":1,"1":3,"2":60},"f":{"0":3,"1":60},"b":{},"_coverageSchema":"1a1c01bbd47fc00a2c39e90264f33305004495a9","hash":"7c513ef81fa6c5797063579ec3f4f36c7216885d"}
,"C:\\Users\\sudharm\\Desktop\\namaste react\\src\\components\\sum.js": {"path":"C:\\Users\\sudharm\\Desktop\\namaste react\\src\\components\\sum.js","statementMap":{"0":{"start":{"line":1,"column":12},"end":{"line":3,"column":1}},"1":{"start":{"line":2,"column":2},"end":{"line":2,"column":15}}},"fnMap":{"0":{"name":"(anonymous_0)","decl":{"start":{"line":1,"column":12},"end":{"line":1,"column":13}},"loc":{"start":{"line":1,"column":22},"end":{"line":3,"column":1}},"line":1}},"branchMap":{},"s":{"0":1,"1":1},"f":{"0":1},"b":{},"_coverageSchema":"1a1c01bbd47fc00a2c39e90264f33305004495a9","hash":"71b8a6468c6a878815e0c4ccb083823c2cf372d0"}
,"C:\\Users\\sudharm\\Desktop\\namaste react\\src\\mocks\\dummyLogo.js": {"path":"C:\\Users\\sudharm\\Desktop\\namaste react\\src\\mocks\\dummyLogo.js","statementMap":{},"fnMap":{},"branchMap":{},"s":{},"f":{},"b":{},"_coverageSchema":"1a1c01bbd47fc00a2c39e90264f33305004495a9","hash":"7ff8c545b3c9610af6a8e9ca60ed514d66c1a7c4"}
,"C:\\Users\\sudharm\\Desktop\\namaste react\\src\\mocks\\mockData.js": {"path":"C:\\Users\\sudharm\\Desktop\\namaste react\\src\\mocks\\mockData.js","statementMap":{"0":{"start":{"line":1,"column":30},"end":{"line":985,"column":1}}},"fnMap":{},"branchMap":{},"s":{"0":1},"f":{},"b":{},"_coverageSchema":"1a1c01bbd47fc00a2c39e90264f33305004495a9","hash":"5e688e7ed54d42f2c0ba731939754c9d6d16be10"}
,"C:\\Users\\sudharm\\Desktop\\namaste react\\src\\store\\CartSlice.js": {"path":"C:\\Users\\sudharm\\Desktop\\namaste react\\src\\store\\CartSlice.js","statementMap":{"0":{"start":{"line":3,"column":13},"end":{"line":16,"column":2}},"1":{"start":{"line":10,"column":6},"end":{"line":10,"column":39}},"2":{"start":{"line":13,"column":6},"end":{"line":13,"column":23}},"3":{"start":{"line":18,"column":42},"end":{"line":18,"column":54}}},"fnMap":{"0":{"name":"(anonymous_0)","decl":{"start":{"line":9,"column":17},"end":{"line":9,"column":18}},"loc":{"start":{"line":9,"column":36},"end":{"line":11,"column":5}},"line":9},"1":{"name":"(anonymous_1)","decl":{"start":{"line":12,"column":15},"end":{"line":12,"column":16}},"loc":{"start":{"line":12,"column":34},"end":{"line":14,"column":5}},"line":12}},"branchMap":{},"s":{"0":2,"1":0,"2":0,"3":2},"f":{"0":0,"1":0},"b":{},"_coverageSchema":"1a1c01bbd47fc00a2c39e90264f33305004495a9","hash":"6b70a051d50da757a47dd8de73f582a88807390c"}
,"C:\\Users\\sudharm\\Desktop\\namaste react\\src\\store\\store.js": {"path":"C:\\Users\\sudharm\\Desktop\\namaste react\\src\\store\\store.js","statementMap":{"0":{"start":{"line":4,"column":14},"end":{"line":8,"column":2}}},"fnMap":{},"branchMap":{},"s":{"0":2},"f":{},"b":{},"_coverageSchema":"1a1c01bbd47fc00a2c39e90264f33305004495a9","hash":"9f8ed634da96e7c87465dc93b50aaefbd27314c0"}
,"C:\\Users\\sudharm\\Desktop\\namaste react\\src\\utils\\useInput.js": {"path":"C:\\Users\\sudharm\\Desktop\\namaste react\\src\\utils\\useInput.js","statementMap":{"0":{"start":{"line":3,"column":17},"end":{"line":21,"column":1}},"1":{"start":{"line":4,"column":2},"end":{"line":4,"column":21}},"2":{"start":{"line":5,"column":28},"end":{"line":5,"column":40}},"3":{"start":{"line":6,"column":26},"end":{"line":8,"column":3}},"4":{"start":{"line":7,"column":4},"end":{"line":7,"column":33}},"5":{"start":{"line":20,"column":2},"end":{"line":20,"column":34}}},"fnMap":{"0":{"name":"(anonymous_0)","decl":{"start":{"line":3,"column":17},"end":{"line":3,"column":18}},"loc":{"start":{"line":3,"column":30},"end":{"line":21,"column":1}},"line":3},"1":{"name":"(anonymous_1)","decl":{"start":{"line":6,"column":26},"end":{"line":6,"column":27}},"loc":{"start":{"line":6,"column":37},"end":{"line":8,"column":3}},"line":6}},"branchMap":{},"s":{"0":1,"1":3,"2":3,"3":3,"4":0,"5":3},"f":{"0":3,"1":0},"b":{},"_coverageSchema":"1a1c01bbd47fc00a2c39e90264f33305004495a9","hash":"ce0c1417b6c2f6c62f012159ed7da39d6bc30bc4"}
,"C:\\Users\\sudharm\\Desktop\\namaste react\\src\\utils\\useRestaurantList.js": {"path":"C:\\Users\\sudharm\\Desktop\\namaste react\\src\\utils\\useRestaurantList.js","statementMap":{"0":{"start":{"line":3,"column":26},"end":{"line":36,"column":1}},"1":{"start":{"line":4,"column":44},"end":{"line":4,"column":54}},"2":{"start":{"line":5,"column":34},"end":{"line":5,"column":44}},"3":{"start":{"line":6,"column":22},"end":{"line":21,"column":3}},"4":{"start":{"line":10,"column":4},"end":{"line":20,"column":5}},"5":{"start":{"line":11,"column":6},"end":{"line":11,"column":33}},"6":{"start":{"line":13,"column":27},"end":{"line":15,"column":8}},"7":{"start":{"line":14,"column":8},"end":{"line":14,"column":78}},"8":{"start":{"line":17,"column":6},"end":{"line":19,"column":9}},"9":{"start":{"line":18,"column":8},"end":{"line":18,"column":28}},"10":{"start":{"line":24,"column":17},"end":{"line":26,"column":5}},"11":{"start":{"line":27,"column":19},"end":{"line":27,"column":36}},"12":{"start":{"line":28,"column":4},"end":{"line":28,"column":63}},"13":{"start":{"line":29,"column":4},"end":{"line":29,"column":58}},"14":{"start":{"line":32,"column":2},"end":{"line":34,"column":9}},"15":{"start":{"line":33,"column":4},"end":{"line":33,"column":18}},"16":{"start":{"line":35,"column":2},"end":{"line":35,"column":48}}},"fnMap":{"0":{"name":"(anonymous_0)","decl":{"start":{"line":3,"column":26},"end":{"line":3,"column":27}},"loc":{"start":{"line":3,"column":32},"end":{"line":36,"column":1}},"line":3},"1":{"name":"(anonymous_1)","decl":{"start":{"line":6,"column":22},"end":{"line":6,"column":23}},"loc":{"start":{"line":6,"column":33},"end":{"line":21,"column":3}},"line":6},"2":{"name":"(anonymous_2)","decl":{"start":{"line":13,"column":48},"end":{"line":13,"column":49}},"loc":{"start":{"line":13,"column":61},"end":{"line":15,"column":7}},"line":13},"3":{"name":"(anonymous_3)","decl":{"start":{"line":17,"column":23},"end":{"line":17,"column":24}},"loc":{"start":{"line":17,"column":38},"end":{"line":19,"column":7}},"line":17},"4":{"name":"getCardData","decl":{"start":{"line":23,"column":17},"end":{"line":23,"column":28}},"loc":{"start":{"line":23,"column":31},"end":{"line":30,"column":3}},"line":23},"5":{"name":"(anonymous_5)","decl":{"start":{"line":32,"column":12},"end":{"line":32,"column":13}},"loc":{"start":{"line":32,"column":18},"end":{"line":34,"column":3}},"line":32}},"branchMap":{"0":{"loc":{"start":{"line":10,"column":4},"end":{"line":20,"column":5}},"type":"if","locations":[{"start":{"line":10,"column":4},"end":{"line":20,"column":5}},{"start":{"line":12,"column":11},"end":{"line":20,"column":5}}],"line":10}},"s":{"0":1,"1":3,"2":3,"3":3,"4":0,"5":0,"6":0,"7":0,"8":0,"9":0,"10":3,"11":3,"12":3,"13":3,"14":3,"15":3,"16":3},"f":{"0":3,"1":0,"2":0,"3":0,"4":3,"5":3},"b":{"0":[0,0]},"_coverageSchema":"1a1c01bbd47fc00a2c39e90264f33305004495a9","hash":"3684f294de270f4d71e581b326d7e6fc98fdcb5e"}
}
