TN:
SF:src\components\Body.js
FN:10,(anonymous_0)
FN:36,(anonymous_1)
FN:39,(anonymous_2)
FNF:3
FNH:1
FNDA:3,(anonymous_0)
FNDA:0,(anonymous_1)
FNDA:0,(anonymous_2)
DA:10,1
DA:11,3
DA:12,3
DA:14,3
DA:16,3
DA:18,3
DA:19,0
DA:21,3
DA:37,0
DA:40,0
LF:10
LH:7
BRDA:18,0,0,0
BRDA:18,0,1,3
BRDA:47,1,0,3
BRDA:47,1,1,0
BRF:4
BRH:2
end_of_record
TN:
SF:src\components\Header.js
FN:6,(anonymous_0)
FN:7,(anonymous_1)
FNF:2
FNH:2
FNDA:2,(anonymous_0)
FNDA:2,(anonymous_1)
DA:6,1
DA:7,2
DA:8,2
LF:3
LH:3
BRF:0
BRH:0
end_of_record
TN:
SF:src\components\Restaurantlist.js
FN:6,(anonymous_0)
FN:28,(anonymous_1)
FN:34,(anonymous_2)
FNF:3
FNH:0
FNDA:0,(anonymous_0)
FNDA:0,(anonymous_1)
FNDA:0,(anonymous_2)
DA:6,1
DA:12,0
DA:13,0
DA:28,1
DA:29,0
DA:35,0
LF:6
LH:2
BRF:0
BRH:0
end_of_record
TN:
SF:src\components\Shimmer.js
FN:1,(anonymous_0)
FN:9,(anonymous_1)
FNF:2
FNH:2
FNDA:3,(anonymous_0)
FNDA:60,(anonymous_1)
DA:1,1
DA:2,3
DA:10,60
LF:3
LH:3
BRF:0
BRH:0
end_of_record
TN:
SF:src\components\sum.js
FN:1,(anonymous_0)
FNF:1
FNH:1
FNDA:1,(anonymous_0)
DA:1,1
DA:2,1
LF:2
LH:2
BRF:0
BRH:0
end_of_record
TN:
SF:src\mocks\dummyLogo.js
FNF:0
FNH:0
LF:0
LH:0
BRF:0
BRH:0
end_of_record
TN:
SF:src\mocks\mockData.js
FNF:0
FNH:0
DA:1,1
LF:1
LH:1
BRF:0
BRH:0
end_of_record
TN:
SF:src\store\CartSlice.js
FN:9,(anonymous_0)
FN:12,(anonymous_1)
FNF:2
FNH:0
FNDA:0,(anonymous_0)
FNDA:0,(anonymous_1)
DA:3,2
DA:10,0
DA:13,0
DA:18,2
LF:4
LH:2
BRF:0
BRH:0
end_of_record
TN:
SF:src\store\store.js
FNF:0
FNH:0
DA:4,2
LF:1
LH:1
BRF:0
BRH:0
end_of_record
TN:
SF:src\utils\useInput.js
FN:3,(anonymous_0)
FN:6,(anonymous_1)
FNF:2
FNH:1
FNDA:3,(anonymous_0)
FNDA:0,(anonymous_1)
DA:3,1
DA:4,3
DA:5,3
DA:6,3
DA:7,0
DA:20,3
LF:6
LH:5
BRF:0
BRH:0
end_of_record
TN:
SF:src\utils\useRestaurantList.js
FN:3,(anonymous_0)
FN:6,(anonymous_1)
FN:13,(anonymous_2)
FN:17,(anonymous_3)
FN:23,getCardData
FN:32,(anonymous_5)
FNF:6
FNH:3
FNDA:3,(anonymous_0)
FNDA:0,(anonymous_1)
FNDA:0,(anonymous_2)
FNDA:0,(anonymous_3)
FNDA:3,getCardData
FNDA:3,(anonymous_5)
DA:3,1
DA:4,3
DA:5,3
DA:6,3
DA:10,0
DA:11,0
DA:13,0
DA:14,0
DA:17,0
DA:18,0
DA:24,3
DA:27,3
DA:28,3
DA:29,3
DA:32,3
DA:33,3
DA:35,3
LF:17
LH:11
BRDA:10,0,0,0
BRDA:10,0,1,0
BRF:2
BRH:0
end_of_record
